<?xml version="1.0" encoding="UTF-8"?>
<!-- Generated by org.testng.reporters.JUnitXMLReporter -->
<testsuite ignored="0" hostname="DESKTOP-U4GLDR7" failures="0" tests="3" name="Default test" time="0.355" errors="0" timestamp="2022-02-01T14:49:40 IST">
  <testcase classname="practice.CreateOrggTest" name="createOrgTest" time="0.047"/>
  <testcase classname="practice.CreateOrggTest" name="createOrgWithContact" time="0.007"/>
  <testcase classname="practice.CreateOrggTest" name="createOrgWithIndustry" time="0.009"/>
</testsuite> <!-- Default test -->
