<?xml version="1.0" encoding="UTF-8"?>
<!-- Generated by org.testng.reporters.JUnitXMLReporter -->
<testsuite ignored="0" hostname="DESKTOP-U4GLDR7" failures="1" tests="6" name="Test" time="0.543" errors="0" timestamp="2022-02-01T15:10:53 IST">
  <testcase classname="practice.CustomerTest" name="createCustomerTest" time="0.044"/>
  <testcase classname="practice.CustomerTest" name="deleteCustomerTest" time="0.018"/>
  <testcase classname="practice.CustomerTest" name="modifyCustomerTest" time="0.022"/>
  <testcase classname="practice.DepenndsTest" name="createCustomerTest" time="0.008">
    <failure type="java.lang.ArrayIndexOutOfBoundsException" message="Index 5 out of bounds for length 3">
      <![CDATA[java.lang.ArrayIndexOutOfBoundsException: Index 5 out of bounds for length 3
at practice.DepenndsTest.createCustomerTest(DepenndsTest.java:10)
at java.base/java.util.ArrayList.forEach(ArrayList.java:1511)
... Removed 27 stack frames]]>
    </failure>
  </testcase> <!-- createCustomerTest -->
  <testcase classname="practice.DepenndsTest" name="modifyCustomerTest" time="0.0">
    <skipped/>
  </testcase> <!-- modifyCustomerTest -->
  <testcase classname="practice.DepenndsTest" name="deleteCustomerTest" time="0.0">
    <skipped/>
  </testcase> <!-- deleteCustomerTest -->
</testsuite> <!-- Test -->
